<?xml version="1.0" encoding="UTF-8"?>
<!-- Generated by org.testng.reporters.JUnitXMLReporter -->
<testsuite hostname="LAPTOP-UOJNOK0D" ignored="1" name="NegativeTest" tests="1" failures="0" timestamp="2022-05-06T16:15:08 CDT" time="9.3" errors="0">
  <testcase name="negativeUserNameTest" time="9.192" classname="com.herokuapp.theinternet.NegativeTest"/>
  <testcase name="incorrectPasswordTest" time="0.0" classname="com.herokuapp.theinternet.NegativeTest">
    <ignored/>
  </testcase> <!-- incorrectPasswordTest -->
</testsuite> <!-- NegativeTest -->
