<?xml version="1.0" encoding="UTF-8"?>
<!-- Generated by org.testng.reporters.JUnitXMLReporter -->
<testsuite hostname="LAPTOP-UOJNOK0D" ignored="1" name="NegativePasswordTest" tests="1" failures="0" timestamp="2022-05-09T10:11:34 CDT" time="5.879" errors="0">
  <testcase name="negativeLoginTest" time="2.162" classname="com.herokuapp.theinternet.LoginTests"/>
  <testcase name="positiveLoginTest" time="0.0" classname="com.herokuapp.theinternet.LoginTests">
    <ignored/>
  </testcase> <!-- positiveLoginTest -->
</testsuite> <!-- NegativePasswordTest -->
