<?xml version="1.0" encoding="UTF-8"?>
<!-- Generated by org.testng.reporters.JUnitXMLReporter -->
<testsuite hostname="LAPTOP-UOJNOK0D" ignored="1" name="PositiveTest" tests="1" failures="0" timestamp="2022-05-09T10:11:22 CDT" time="14.534" errors="0">
  <testcase name="positiveLoginTest" time="5.585" classname="com.herokuapp.theinternet.LoginTests"/>
  <testcase name="negativeLoginTest" time="0.0" classname="com.herokuapp.theinternet.LoginTests">
    <ignored/>
  </testcase> <!-- negativeLoginTest -->
</testsuite> <!-- PositiveTest -->
