<?xml version="1.0" encoding="UTF-8"?>
<!-- Generated by org.testng.reporters.JUnitXMLReporter -->
<testsuite hostname="LAPTOP-UOJNOK0D" ignored="0" name="NegativeTest" tests="2" failures="0" timestamp="2022-05-06T12:12:09 CDT" time="11.079" errors="0">
  <testcase name="incorrectPasswordTest" time="5.522" classname="com.herokuapp.theinternet.NegativeTest"/>
  <testcase name="negativeUserNameTest" time="5.523" classname="com.herokuapp.theinternet.NegativeTest"/>
</testsuite> <!-- NegativeTest -->
