<?xml version="1.0" encoding="UTF-8"?>
<testng-results skipped="0" failed="0" ignored="3" total="6" passed="3">
  <reporter-output>
  </reporter-output>
  <suite name="NegativeTestSuite" duration-ms="26542" started-at="2022-05-09T10:11:08 CDT" finished-at="2022-05-09T10:11:34 CDT">
    <groups>
      <group name="positiveTest">
        <method signature="LoginTests.positiveLoginTest()[pri:1, instance:com.herokuapp.theinternet.LoginTests@26a7b76d]" name="positiveLoginTest" class="com.herokuapp.theinternet.LoginTests"/>
      </group> <!-- positiveTest -->
      <group name="negativeTest">
        <method signature="LoginTests.negativeLoginTest(java.lang.String,java.lang.String,java.lang.String)[pri:2, instance:com.herokuapp.theinternet.LoginTests@42607a4f]" name="negativeLoginTest" class="com.herokuapp.theinternet.LoginTests"/>
        <method signature="LoginTests.negativeLoginTest(java.lang.String,java.lang.String,java.lang.String)[pri:2, instance:com.herokuapp.theinternet.LoginTests@6ec8211c]" name="negativeLoginTest" class="com.herokuapp.theinternet.LoginTests"/>
      </group> <!-- negativeTest -->
      <group name="smokeTests">
        <method signature="LoginTests.positiveLoginTest()[pri:1, instance:com.herokuapp.theinternet.LoginTests@26a7b76d]" name="positiveLoginTest" class="com.herokuapp.theinternet.LoginTests"/>
        <method signature="LoginTests.negativeLoginTest(java.lang.String,java.lang.String,java.lang.String)[pri:2, instance:com.herokuapp.theinternet.LoginTests@42607a4f]" name="negativeLoginTest" class="com.herokuapp.theinternet.LoginTests"/>
        <method signature="LoginTests.negativeLoginTest(java.lang.String,java.lang.String,java.lang.String)[pri:2, instance:com.herokuapp.theinternet.LoginTests@6ec8211c]" name="negativeLoginTest" class="com.herokuapp.theinternet.LoginTests"/>
      </group> <!-- smokeTests -->
    </groups>
    <test name="PositiveTest" duration-ms="14534" started-at="2022-05-09T10:11:08 CDT" finished-at="2022-05-09T10:11:22 CDT">
      <class name="com.herokuapp.theinternet.LoginTests">
        <test-method status="PASS" signature="setUp()[pri:0, instance:com.herokuapp.theinternet.LoginTests@26a7b76d]" name="setUp" is-config="true" duration-ms="7835" started-at="2022-05-09T10:11:08 CDT" finished-at="2022-05-09T10:11:16 CDT">
          <reporter-output>
          </reporter-output>
        </test-method> <!-- setUp -->
        <test-method status="PASS" signature="positiveLoginTest()[pri:1, instance:com.herokuapp.theinternet.LoginTests@26a7b76d]" name="positiveLoginTest" duration-ms="5585" started-at="2022-05-09T10:11:16 CDT" finished-at="2022-05-09T10:11:21 CDT">
          <reporter-output>
          </reporter-output>
        </test-method> <!-- positiveLoginTest -->
        <test-method status="PASS" signature="tearDown()[pri:0, instance:com.herokuapp.theinternet.LoginTests@26a7b76d]" name="tearDown" is-config="true" duration-ms="999" started-at="2022-05-09T10:11:21 CDT" finished-at="2022-05-09T10:11:22 CDT">
          <reporter-output>
          </reporter-output>
        </test-method> <!-- tearDown -->
      </class> <!-- com.herokuapp.theinternet.LoginTests -->
    </test> <!-- PositiveTest -->
    <test name="NegativeUsernameTest" duration-ms="6064" started-at="2022-05-09T10:11:22 CDT" finished-at="2022-05-09T10:11:28 CDT">
      <class name="com.herokuapp.theinternet.LoginTests">
        <test-method status="PASS" signature="setUp()[pri:0, instance:com.herokuapp.theinternet.LoginTests@42607a4f]" name="setUp" is-config="true" duration-ms="2594" started-at="2022-05-09T10:11:22 CDT" finished-at="2022-05-09T10:11:25 CDT">
          <reporter-output>
          </reporter-output>
        </test-method> <!-- setUp -->
        <test-method status="PASS" signature="negativeLoginTest(java.lang.String,java.lang.String,java.lang.String)[pri:2, instance:com.herokuapp.theinternet.LoginTests@42607a4f]" name="negativeLoginTest" duration-ms="2544" started-at="2022-05-09T10:11:25 CDT" finished-at="2022-05-09T10:11:28 CDT">
          <params>
            <param index="0">
              <value>
                <![CDATA[Supersecretpassword]]>
              </value>
            </param>
            <param index="1">
              <value>
                <![CDATA[SuperSecretPassword!]]>
              </value>
            </param>
            <param index="2">
              <value>
                <![CDATA[Your username is invalid!]]>
              </value>
            </param>
          </params>
          <reporter-output>
          </reporter-output>
        </test-method> <!-- negativeLoginTest -->
        <test-method status="PASS" signature="tearDown()[pri:0, instance:com.herokuapp.theinternet.LoginTests@42607a4f]" name="tearDown" is-config="true" duration-ms="903" started-at="2022-05-09T10:11:28 CDT" finished-at="2022-05-09T10:11:28 CDT">
          <reporter-output>
          </reporter-output>
        </test-method> <!-- tearDown -->
      </class> <!-- com.herokuapp.theinternet.LoginTests -->
    </test> <!-- NegativeUsernameTest -->
    <test name="NegativePasswordTest" duration-ms="5879" started-at="2022-05-09T10:11:28 CDT" finished-at="2022-05-09T10:11:34 CDT">
      <class name="com.herokuapp.theinternet.LoginTests">
        <test-method status="PASS" signature="setUp()[pri:0, instance:com.herokuapp.theinternet.LoginTests@6ec8211c]" name="setUp" is-config="true" duration-ms="2842" started-at="2022-05-09T10:11:28 CDT" finished-at="2022-05-09T10:11:31 CDT">
          <reporter-output>
          </reporter-output>
        </test-method> <!-- setUp -->
        <test-method status="PASS" signature="negativeLoginTest(java.lang.String,java.lang.String,java.lang.String)[pri:2, instance:com.herokuapp.theinternet.LoginTests@6ec8211c]" name="negativeLoginTest" duration-ms="2162" started-at="2022-05-09T10:11:31 CDT" finished-at="2022-05-09T10:11:33 CDT">
          <params>
            <param index="0">
              <value>
                <![CDATA[tomsmith]]>
              </value>
            </param>
            <param index="1">
              <value>
                <![CDATA[incorrectpassowrd!]]>
              </value>
            </param>
            <param index="2">
              <value>
                <![CDATA[Your password is invalid!]]>
              </value>
            </param>
          </params>
          <reporter-output>
          </reporter-output>
        </test-method> <!-- negativeLoginTest -->
        <test-method status="PASS" signature="tearDown()[pri:0, instance:com.herokuapp.theinternet.LoginTests@6ec8211c]" name="tearDown" is-config="true" duration-ms="866" started-at="2022-05-09T10:11:33 CDT" finished-at="2022-05-09T10:11:34 CDT">
          <reporter-output>
          </reporter-output>
        </test-method> <!-- tearDown -->
      </class> <!-- com.herokuapp.theinternet.LoginTests -->
    </test> <!-- NegativePasswordTest -->
  </suite> <!-- NegativeTestSuite -->
</testng-results>
